[ 2017-08-29T11:46:23+08:00 ] ::1 /NewsViewTP/
INFO: [ app_init ] --START--
INFO: Run Behavior\BuildLiteBehavior [ RunTime:0.000000s ]
INFO: [ app_init ] --END-- [ RunTime:0.001000s ]
INFO: [ app_begin ] --START--
INFO: Run Behavior\ReadHtmlCacheBehavior [ RunTime:0.001000s ]
INFO: [ app_begin ] --END-- [ RunTime:0.001000s ]
NOTIC: [8] A session had already been started - ignoring session_start() D:\WWW\NewsViewTP\application\Home\Controller\IndexController.class.php 第 4 行.
NOTIC: [8] Use of undefined constant newsarticles - assumed 'newsarticles' D:\WWW\NewsViewTP\application\Home\Controller\IndexController.class.php 第 8 行.
NOTIC: [8] Undefined index: userName D:\WWW\NewsViewTP\application\Home\Controller\IndexController.class.php 第 41 行.
INFO: [ view_parse ] --START--
INFO: [ template_filter ] --START--
INFO: Run Behavior\ContentReplaceBehavior [ RunTime:0.001000s ]
INFO: [ template_filter ] --END-- [ RunTime:0.001000s ]
INFO: Run Behavior\ParseTemplateBehavior [ RunTime:0.078005s ]
INFO: [ view_parse ] --END-- [ RunTime:0.078005s ]
INFO: [ view_filter ] --START--
INFO: Run Behavior\WriteHtmlCacheBehavior [ RunTime:0.001000s ]
INFO: [ view_filter ] --END-- [ RunTime:0.001000s ]
INFO: [ app_end ] --START--
INFO: Run Behavior\ShowPageTraceBehavior [ RunTime:0.013001s ]
INFO: [ app_end ] --END-- [ RunTime:0.013001s ]

[ 2017-08-29T11:46:26+08:00 ] ::1 /NewsViewTP/index.php/Articles/index/articleId/102
INFO: [ app_init ] --START--
INFO: Run Behavior\BuildLiteBehavior [ RunTime:0.001000s ]
INFO: [ app_init ] --END-- [ RunTime:0.001000s ]
INFO: [ app_begin ] --START--
INFO: Run Behavior\ReadHtmlCacheBehavior [ RunTime:0.000000s ]
INFO: [ app_begin ] --END-- [ RunTime:0.000000s ]
NOTIC: [8] A session had already been started - ignoring session_start() D:\WWW\NewsViewTP\application\Home\Controller\ArticlesController.class.php 第 4 行.
NOTIC: [8] Trying to get property of non-object D:\WWW\NewsViewTP\library\ThinkPHP\Library\Think\Db\Driver\Mysqli.class.php 第 100 行.
NOTIC: [8] Trying to get property of non-object D:\WWW\NewsViewTP\library\ThinkPHP\Library\Think\Db\Driver\Mysqli.class.php 第 101 行.
NOTIC: [8] Undefined offset: 1 D:\WWW\NewsViewTP\application\Home\Controller\ArticlesController.class.php 第 26 行.
NOTIC: [8] Undefined offset: 1 D:\WWW\NewsViewTP\application\Home\Controller\ArticlesController.class.php 第 26 行.
NOTIC: [8] Undefined offset: 2 D:\WWW\NewsViewTP\application\Home\Controller\ArticlesController.class.php 第 26 行.
NOTIC: [8] Undefined index: userName D:\WWW\NewsViewTP\application\Home\Controller\ArticlesController.class.php 第 33 行.
INFO: [ view_parse ] --START--
INFO: [ template_filter ] --START--
INFO: Run Behavior\ContentReplaceBehavior [ RunTime:0.000000s ]
INFO: [ template_filter ] --END-- [ RunTime:0.000000s ]
INFO: Run Behavior\ParseTemplateBehavior [ RunTime:0.037002s ]
INFO: [ view_parse ] --END-- [ RunTime:0.037002s ]
INFO: [ view_filter ] --START--
INFO: Run Behavior\WriteHtmlCacheBehavior [ RunTime:0.001000s ]
INFO: [ view_filter ] --END-- [ RunTime:0.001000s ]
INFO: [ app_end ] --START--
INFO: Run Behavior\ShowPageTraceBehavior [ RunTime:0.001000s ]
INFO: [ app_end ] --END-- [ RunTime:0.001000s ]

[ 2017-08-29T11:48:08+08:00 ] ::1 /NewsViewTP/index.php/Articles/index/articleId/1
INFO: [ app_init ] --START--
INFO: Run Behavior\BuildLiteBehavior [ RunTime:0.000000s ]
INFO: [ app_init ] --END-- [ RunTime:0.005000s ]
INFO: [ app_begin ] --START--
INFO: Run Behavior\ReadHtmlCacheBehavior [ RunTime:0.000000s ]
INFO: [ app_begin ] --END-- [ RunTime:0.000000s ]
NOTIC: [8] A session had already been started - ignoring session_start() D:\WWW\NewsViewTP\application\Home\Controller\ArticlesController.class.php 第 4 行.
NOTIC: [8] Trying to get property of non-object D:\WWW\NewsViewTP\library\ThinkPHP\Library\Think\Db\Driver\Mysqli.class.php 第 100 行.
NOTIC: [8] Trying to get property of non-object D:\WWW\NewsViewTP\library\ThinkPHP\Library\Think\Db\Driver\Mysqli.class.php 第 101 行.
NOTIC: [8] Undefined offset: 14 D:\WWW\NewsViewTP\application\Home\Controller\ArticlesController.class.php 第 26 行.
NOTIC: [8] Undefined offset: 14 D:\WWW\NewsViewTP\application\Home\Controller\ArticlesController.class.php 第 26 行.
NOTIC: [8] Undefined offset: 15 D:\WWW\NewsViewTP\application\Home\Controller\ArticlesController.class.php 第 26 行.
NOTIC: [8] Undefined index: userName D:\WWW\NewsViewTP\application\Home\Controller\ArticlesController.class.php 第 33 行.
INFO: [ view_parse ] --START--
INFO: [ template_filter ] --START--
INFO: Run Behavior\ContentReplaceBehavior [ RunTime:0.000000s ]
INFO: [ template_filter ] --END-- [ RunTime:0.000000s ]
INFO: Run Behavior\ParseTemplateBehavior [ RunTime:0.004000s ]
INFO: [ view_parse ] --END-- [ RunTime:0.004000s ]
INFO: [ view_filter ] --START--
INFO: Run Behavior\WriteHtmlCacheBehavior [ RunTime:0.001000s ]
INFO: [ view_filter ] --END-- [ RunTime:0.001000s ]
INFO: [ app_end ] --START--
INFO: Run Behavior\ShowPageTraceBehavior [ RunTime:0.000000s ]
INFO: [ app_end ] --END-- [ RunTime:0.000000s ]

[ 2017-08-29T11:48:10+08:00 ] ::1 /NewsViewTP/index.php/Mess/index/articleId/1
INFO: [ app_init ] --START--
INFO: Run Behavior\BuildLiteBehavior [ RunTime:0.000000s ]
INFO: [ app_init ] --END-- [ RunTime:0.001000s ]
INFO: [ app_begin ] --START--
INFO: Run Behavior\ReadHtmlCacheBehavior [ RunTime:0.001000s ]
INFO: [ app_begin ] --END-- [ RunTime:0.001000s ]
NOTIC: [8] A session had already been started - ignoring session_start() D:\WWW\NewsViewTP\application\Home\Controller\MessController.class.php 第 11 行.
NOTIC: [8] Undefined index: userName D:\WWW\NewsViewTP\application\Home\Controller\MessController.class.php 第 20 行.
INFO: [ view_parse ] --START--
INFO: [ template_filter ] --START--
INFO: Run Behavior\ContentReplaceBehavior [ RunTime:0.000000s ]
INFO: [ template_filter ] --END-- [ RunTime:0.000000s ]
INFO: Run Behavior\ParseTemplateBehavior [ RunTime:0.046002s ]
INFO: [ view_parse ] --END-- [ RunTime:0.046002s ]
INFO: [ view_filter ] --START--
INFO: Run Behavior\WriteHtmlCacheBehavior [ RunTime:0.000000s ]
INFO: [ view_filter ] --END-- [ RunTime:0.001000s ]
INFO: [ app_end ] --START--
INFO: Run Behavior\ShowPageTraceBehavior [ RunTime:0.000000s ]
INFO: [ app_end ] --END-- [ RunTime:0.000000s ]

[ 2017-08-29T11:48:12+08:00 ] ::1 /newsviewtp/index.php/mess/index/articleId/1/p/2.html
INFO: [ app_init ] --START--
INFO: Run Behavior\BuildLiteBehavior [ RunTime:0.000000s ]
INFO: [ app_init ] --END-- [ RunTime:0.001000s ]
INFO: [ app_begin ] --START--
INFO: Run Behavior\ReadHtmlCacheBehavior [ RunTime:0.001000s ]
INFO: [ app_begin ] --END-- [ RunTime:0.001000s ]
NOTIC: [8] A session had already been started - ignoring session_start() D:\WWW\NewsViewTP\application\Home\Controller\MessController.class.php 第 11 行.
NOTIC: [8] Undefined index: userName D:\WWW\NewsViewTP\application\Home\Controller\MessController.class.php 第 20 行.
INFO: [ view_parse ] --START--
INFO: [ template_filter ] --START--
INFO: Run Behavior\ContentReplaceBehavior [ RunTime:0.000000s ]
INFO: [ template_filter ] --END-- [ RunTime:0.000000s ]
INFO: Run Behavior\ParseTemplateBehavior [ RunTime:0.007000s ]
INFO: [ view_parse ] --END-- [ RunTime:0.007000s ]
INFO: [ view_filter ] --START--
INFO: Run Behavior\WriteHtmlCacheBehavior [ RunTime:0.000000s ]
INFO: [ view_filter ] --END-- [ RunTime:0.000000s ]
INFO: [ app_end ] --START--
INFO: Run Behavior\ShowPageTraceBehavior [ RunTime:0.000000s ]
INFO: [ app_end ] --END-- [ RunTime:0.000000s ]

[ 2017-08-29T11:48:14+08:00 ] ::1 /newsviewtp/index.php/mess/index/articleId/1/p/3.html
INFO: [ app_init ] --START--
INFO: Run Behavior\BuildLiteBehavior [ RunTime:0.000000s ]
INFO: [ app_init ] --END-- [ RunTime:0.001001s ]
INFO: [ app_begin ] --START--
INFO: Run Behavior\ReadHtmlCacheBehavior [ RunTime:0.001000s ]
INFO: [ app_begin ] --END-- [ RunTime:0.001000s ]
NOTIC: [8] A session had already been started - ignoring session_start() D:\WWW\NewsViewTP\application\Home\Controller\MessController.class.php 第 11 行.
NOTIC: [8] Undefined index: userName D:\WWW\NewsViewTP\application\Home\Controller\MessController.class.php 第 20 行.
INFO: [ view_parse ] --START--
INFO: [ template_filter ] --START--
INFO: Run Behavior\ContentReplaceBehavior [ RunTime:0.000000s ]
INFO: [ template_filter ] --END-- [ RunTime:0.001000s ]
INFO: Run Behavior\ParseTemplateBehavior [ RunTime:0.012000s ]
INFO: [ view_parse ] --END-- [ RunTime:0.012000s ]
INFO: [ view_filter ] --START--
INFO: Run Behavior\WriteHtmlCacheBehavior [ RunTime:0.000000s ]
INFO: [ view_filter ] --END-- [ RunTime:0.000000s ]
INFO: [ app_end ] --START--
INFO: Run Behavior\ShowPageTraceBehavior [ RunTime:0.001000s ]
INFO: [ app_end ] --END-- [ RunTime:0.001000s ]

[ 2017-08-29T11:48:21+08:00 ] ::1 /NewsViewTP/index.php/Articles/index/articleId/92
INFO: [ app_init ] --START--
INFO: Run Behavior\BuildLiteBehavior [ RunTime:0.000000s ]
INFO: [ app_init ] --END-- [ RunTime:0.000000s ]
INFO: [ app_begin ] --START--
INFO: Run Behavior\ReadHtmlCacheBehavior [ RunTime:0.001000s ]
INFO: [ app_begin ] --END-- [ RunTime:0.001000s ]
NOTIC: [8] A session had already been started - ignoring session_start() D:\WWW\NewsViewTP\application\Home\Controller\ArticlesController.class.php 第 4 行.
NOTIC: [8] Trying to get property of non-object D:\WWW\NewsViewTP\library\ThinkPHP\Library\Think\Db\Driver\Mysqli.class.php 第 100 行.
NOTIC: [8] Trying to get property of non-object D:\WWW\NewsViewTP\library\ThinkPHP\Library\Think\Db\Driver\Mysqli.class.php 第 101 行.
NOTIC: [8] Undefined offset: 13 D:\WWW\NewsViewTP\application\Home\Controller\ArticlesController.class.php 第 26 行.
NOTIC: [8] Undefined offset: 13 D:\WWW\NewsViewTP\application\Home\Controller\ArticlesController.class.php 第 26 行.
NOTIC: [8] Undefined offset: 14 D:\WWW\NewsViewTP\application\Home\Controller\ArticlesController.class.php 第 26 行.
NOTIC: [8] Undefined index: userName D:\WWW\NewsViewTP\application\Home\Controller\ArticlesController.class.php 第 33 行.
INFO: [ view_parse ] --START--
INFO: [ template_filter ] --START--
INFO: Run Behavior\ContentReplaceBehavior [ RunTime:0.000000s ]
INFO: [ template_filter ] --END-- [ RunTime:0.000000s ]
INFO: Run Behavior\ParseTemplateBehavior [ RunTime:0.005001s ]
INFO: [ view_parse ] --END-- [ RunTime:0.005001s ]
INFO: [ view_filter ] --START--
INFO: Run Behavior\WriteHtmlCacheBehavior [ RunTime:0.000000s ]
INFO: [ view_filter ] --END-- [ RunTime:0.000000s ]
INFO: [ app_end ] --START--
INFO: Run Behavior\ShowPageTraceBehavior [ RunTime:0.000000s ]
INFO: [ app_end ] --END-- [ RunTime:0.001000s ]

[ 2017-08-29T11:48:22+08:00 ] ::1 /NewsViewTP/index.php/Mess/index/articleId/92
INFO: [ app_init ] --START--
INFO: Run Behavior\BuildLiteBehavior [ RunTime:0.000000s ]
INFO: [ app_init ] --END-- [ RunTime:0.001000s ]
INFO: [ app_begin ] --START--
INFO: Run Behavior\ReadHtmlCacheBehavior [ RunTime:0.001000s ]
INFO: [ app_begin ] --END-- [ RunTime:0.001000s ]
NOTIC: [8] A session had already been started - ignoring session_start() D:\WWW\NewsViewTP\application\Home\Controller\MessController.class.php 第 11 行.
NOTIC: [8] Undefined index: userName D:\WWW\NewsViewTP\application\Home\Controller\MessController.class.php 第 20 行.
INFO: [ view_parse ] --START--
INFO: [ template_filter ] --START--
INFO: Run Behavior\ContentReplaceBehavior [ RunTime:0.000000s ]
INFO: [ template_filter ] --END-- [ RunTime:0.000000s ]
INFO: Run Behavior\ParseTemplateBehavior [ RunTime:0.006001s ]
INFO: [ view_parse ] --END-- [ RunTime:0.006001s ]
INFO: [ view_filter ] --START--
INFO: Run Behavior\WriteHtmlCacheBehavior [ RunTime:0.000000s ]
INFO: [ view_filter ] --END-- [ RunTime:0.000000s ]
INFO: [ app_end ] --START--
INFO: Run Behavior\ShowPageTraceBehavior [ RunTime:0.001000s ]
INFO: [ app_end ] --END-- [ RunTime:0.001000s ]

[ 2017-08-29T11:51:23+08:00 ] ::1 /NewsViewTP/index.php/Newstype/index/typeId/7
INFO: [ app_init ] --START--
INFO: Run Behavior\BuildLiteBehavior [ RunTime:0.000000s ]
INFO: [ app_init ] --END-- [ RunTime:0.000000s ]
INFO: [ app_begin ] --START--
INFO: Run Behavior\ReadHtmlCacheBehavior [ RunTime:0.000000s ]
INFO: [ app_begin ] --END-- [ RunTime:0.000000s ]
NOTIC: [8] A session had already been started - ignoring session_start() D:\WWW\NewsViewTP\application\Home\Controller\NewstypeController.class.php 第 5 行.
NOTIC: [8] Undefined index: userName D:\WWW\NewsViewTP\application\Home\Controller\NewstypeController.class.php 第 31 行.
INFO: [ view_parse ] --START--
INFO: [ template_filter ] --START--
INFO: Run Behavior\ContentReplaceBehavior [ RunTime:0.000000s ]
INFO: [ template_filter ] --END-- [ RunTime:0.000000s ]
NOTIC: [8] Undefined variable: typeId D:\WWW\NewsViewTP\application\Runtime\Cache\Home\3b7740cd4b4df129b70f1de70fa3dde8.php 第 102 行.
INFO: Run Behavior\ParseTemplateBehavior [ RunTime:0.041002s ]
INFO: [ view_parse ] --END-- [ RunTime:0.041002s ]
INFO: [ view_filter ] --START--
INFO: Run Behavior\WriteHtmlCacheBehavior [ RunTime:0.000000s ]
INFO: [ view_filter ] --END-- [ RunTime:0.000000s ]
INFO: [ app_end ] --START--
INFO: Run Behavior\ShowPageTraceBehavior [ RunTime:0.001000s ]
INFO: [ app_end ] --END-- [ RunTime:0.001000s ]

[ 2017-08-29T15:39:25+08:00 ] ::1 /NewsViewTP/
INFO: [ app_init ] --START--
INFO: Run Behavior\BuildLiteBehavior [ RunTime:0.000000s ]
INFO: [ app_init ] --END-- [ RunTime:0.001000s ]
INFO: [ app_begin ] --START--
INFO: Run Behavior\ReadHtmlCacheBehavior [ RunTime:0.001000s ]
INFO: [ app_begin ] --END-- [ RunTime:0.001000s ]
NOTIC: [8] A session had already been started - ignoring session_start() D:\WWW\NewsViewTP\application\Home\Controller\IndexController.class.php 第 4 行.
NOTIC: [8] Use of undefined constant newsarticles - assumed 'newsarticles' D:\WWW\NewsViewTP\application\Home\Controller\IndexController.class.php 第 8 行.
NOTIC: [8] Undefined index: userName D:\WWW\NewsViewTP\application\Home\Controller\IndexController.class.php 第 41 行.
INFO: [ view_parse ] --START--
INFO: [ template_filter ] --START--
INFO: Run Behavior\ContentReplaceBehavior [ RunTime:0.000000s ]
INFO: [ template_filter ] --END-- [ RunTime:0.000000s ]
INFO: Run Behavior\ParseTemplateBehavior [ RunTime:0.012001s ]
INFO: [ view_parse ] --END-- [ RunTime:0.012001s ]
INFO: [ view_filter ] --START--
INFO: Run Behavior\WriteHtmlCacheBehavior [ RunTime:0.000000s ]
INFO: [ view_filter ] --END-- [ RunTime:0.000000s ]
INFO: [ app_end ] --START--
INFO: Run Behavior\ShowPageTraceBehavior [ RunTime:0.000000s ]
INFO: [ app_end ] --END-- [ RunTime:0.001000s ]

[ 2017-08-29T15:39:27+08:00 ] ::1 /NewsViewTP/index.php/Articles/index/articleId/11
INFO: [ app_init ] --START--
INFO: Run Behavior\BuildLiteBehavior [ RunTime:0.000000s ]
INFO: [ app_init ] --END-- [ RunTime:0.000000s ]
INFO: [ app_begin ] --START--
INFO: Run Behavior\ReadHtmlCacheBehavior [ RunTime:0.000000s ]
INFO: [ app_begin ] --END-- [ RunTime:0.001000s ]
NOTIC: [8] A session had already been started - ignoring session_start() D:\WWW\NewsViewTP\application\Home\Controller\ArticlesController.class.php 第 4 行.
NOTIC: [8] Trying to get property of non-object D:\WWW\NewsViewTP\library\ThinkPHP\Library\Think\Db\Driver\Mysqli.class.php 第 100 行.
NOTIC: [8] Trying to get property of non-object D:\WWW\NewsViewTP\library\ThinkPHP\Library\Think\Db\Driver\Mysqli.class.php 第 101 行.
NOTIC: [8] Undefined offset: 1 D:\WWW\NewsViewTP\application\Home\Controller\ArticlesController.class.php 第 26 行.
NOTIC: [8] Undefined offset: 1 D:\WWW\NewsViewTP\application\Home\Controller\ArticlesController.class.php 第 26 行.
NOTIC: [8] Undefined offset: 2 D:\WWW\NewsViewTP\application\Home\Controller\ArticlesController.class.php 第 26 行.
NOTIC: [8] Undefined index: userName D:\WWW\NewsViewTP\application\Home\Controller\ArticlesController.class.php 第 33 行.
INFO: [ view_parse ] --START--
INFO: [ template_filter ] --START--
INFO: Run Behavior\ContentReplaceBehavior [ RunTime:0.000000s ]
INFO: [ template_filter ] --END-- [ RunTime:0.000000s ]
INFO: Run Behavior\ParseTemplateBehavior [ RunTime:0.015001s ]
INFO: [ view_parse ] --END-- [ RunTime:0.015001s ]
INFO: [ view_filter ] --START--
INFO: Run Behavior\WriteHtmlCacheBehavior [ RunTime:0.000000s ]
INFO: [ view_filter ] --END-- [ RunTime:0.000000s ]
INFO: [ app_end ] --START--
INFO: Run Behavior\ShowPageTraceBehavior [ RunTime:0.001000s ]
INFO: [ app_end ] --END-- [ RunTime:0.001000s ]

[ 2017-08-29T15:40:02+08:00 ] ::1 /NewsViewTP/index.php/Articles/index/articleId/11
INFO: [ app_init ] --START--
INFO: Run Behavior\BuildLiteBehavior [ RunTime:0.000000s ]
INFO: [ app_init ] --END-- [ RunTime:0.000000s ]
INFO: [ app_begin ] --START--
INFO: Run Behavior\ReadHtmlCacheBehavior [ RunTime:0.001000s ]
INFO: [ app_begin ] --END-- [ RunTime:0.001000s ]
NOTIC: [8] A session had already been started - ignoring session_start() D:\WWW\NewsViewTP\application\Home\Controller\ArticlesController.class.php 第 4 行.
NOTIC: [8] Trying to get property of non-object D:\WWW\NewsViewTP\library\ThinkPHP\Library\Think\Db\Driver\Mysqli.class.php 第 100 行.
NOTIC: [8] Trying to get property of non-object D:\WWW\NewsViewTP\library\ThinkPHP\Library\Think\Db\Driver\Mysqli.class.php 第 101 行.
NOTIC: [8] Undefined offset: 1 D:\WWW\NewsViewTP\application\Home\Controller\ArticlesController.class.php 第 26 行.
NOTIC: [8] Undefined offset: 1 D:\WWW\NewsViewTP\application\Home\Controller\ArticlesController.class.php 第 26 行.
NOTIC: [8] Undefined offset: 2 D:\WWW\NewsViewTP\application\Home\Controller\ArticlesController.class.php 第 26 行.
NOTIC: [8] Undefined index: userName D:\WWW\NewsViewTP\application\Home\Controller\ArticlesController.class.php 第 33 行.
INFO: [ view_parse ] --START--
INFO: [ template_filter ] --START--
INFO: Run Behavior\ContentReplaceBehavior [ RunTime:0.000000s ]
INFO: [ template_filter ] --END-- [ RunTime:0.000000s ]
INFO: Run Behavior\ParseTemplateBehavior [ RunTime:0.015001s ]
INFO: [ view_parse ] --END-- [ RunTime:0.015001s ]
INFO: [ view_filter ] --START--
INFO: Run Behavior\WriteHtmlCacheBehavior [ RunTime:0.000000s ]
INFO: [ view_filter ] --END-- [ RunTime:0.000000s ]
INFO: [ app_end ] --START--
INFO: Run Behavior\ShowPageTraceBehavior [ RunTime:0.001000s ]
INFO: [ app_end ] --END-- [ RunTime:0.001000s ]

[ 2017-08-29T15:40:05+08:00 ] ::1 /NewsViewTP/index.php/Articles/add/articleId/11
INFO: [ app_init ] --START--
INFO: Run Behavior\BuildLiteBehavior [ RunTime:0.000000s ]
INFO: [ app_init ] --END-- [ RunTime:0.000000s ]
INFO: [ app_begin ] --START--
INFO: Run Behavior\ReadHtmlCacheBehavior [ RunTime:0.001000s ]
INFO: [ app_begin ] --END-- [ RunTime:0.001000s ]
NOTIC: [8] A session had already been started - ignoring session_start() D:\WWW\NewsViewTP\application\Home\Controller\ArticlesController.class.php 第 4 行.
NOTIC: [8] Undefined index: userName D:\WWW\NewsViewTP\application\Home\Controller\ArticlesController.class.php 第 41 行.
INFO: [ view_parse ] --START--
INFO: [ template_filter ] --START--
INFO: Run Behavior\ContentReplaceBehavior [ RunTime:0.000000s ]
INFO: [ template_filter ] --END-- [ RunTime:0.000000s ]
INFO: Run Behavior\ParseTemplateBehavior [ RunTime:0.061003s ]
INFO: [ view_parse ] --END-- [ RunTime:0.061003s ]
INFO: [ view_filter ] --START--
INFO: Run Behavior\WriteHtmlCacheBehavior [ RunTime:0.000000s ]
INFO: [ view_filter ] --END-- [ RunTime:0.001000s ]
INFO: [ app_end ] --START--
INFO: Run Behavior\ShowPageTraceBehavior [ RunTime:0.001000s ]
INFO: [ app_end ] --END-- [ RunTime:0.001000s ]

[ 2017-08-29T15:40:06+08:00 ] ::1 /NewsViewTP/index.php/Articles/index/articleId/11
INFO: [ app_init ] --START--
INFO: Run Behavior\BuildLiteBehavior [ RunTime:0.000000s ]
INFO: [ app_init ] --END-- [ RunTime:0.000000s ]
INFO: [ app_begin ] --START--
INFO: Run Behavior\ReadHtmlCacheBehavior [ RunTime:0.000000s ]
INFO: [ app_begin ] --END-- [ RunTime:0.000000s ]
NOTIC: [8] A session had already been started - ignoring session_start() D:\WWW\NewsViewTP\application\Home\Controller\ArticlesController.class.php 第 4 行.
NOTIC: [8] Trying to get property of non-object D:\WWW\NewsViewTP\library\ThinkPHP\Library\Think\Db\Driver\Mysqli.class.php 第 100 行.
NOTIC: [8] Trying to get property of non-object D:\WWW\NewsViewTP\library\ThinkPHP\Library\Think\Db\Driver\Mysqli.class.php 第 101 行.
NOTIC: [8] Undefined offset: 2 D:\WWW\NewsViewTP\application\Home\Controller\ArticlesController.class.php 第 26 行.
NOTIC: [8] Undefined offset: 2 D:\WWW\NewsViewTP\application\Home\Controller\ArticlesController.class.php 第 26 行.
NOTIC: [8] Undefined offset: 3 D:\WWW\NewsViewTP\application\Home\Controller\ArticlesController.class.php 第 26 行.
NOTIC: [8] Undefined index: userName D:\WWW\NewsViewTP\application\Home\Controller\ArticlesController.class.php 第 33 行.
INFO: [ view_parse ] --START--
INFO: [ template_filter ] --START--
INFO: Run Behavior\ContentReplaceBehavior [ RunTime:0.000000s ]
INFO: [ template_filter ] --END-- [ RunTime:0.000000s ]
INFO: Run Behavior\ParseTemplateBehavior [ RunTime:0.011000s ]
INFO: [ view_parse ] --END-- [ RunTime:0.011000s ]
INFO: [ view_filter ] --START--
INFO: Run Behavior\WriteHtmlCacheBehavior [ RunTime:0.000000s ]
INFO: [ view_filter ] --END-- [ RunTime:0.000000s ]
INFO: [ app_end ] --START--
INFO: Run Behavior\ShowPageTraceBehavior [ RunTime:0.001000s ]
INFO: [ app_end ] --END-- [ RunTime:0.001000s ]

[ 2017-08-29T15:40:13+08:00 ] ::1 /NewsViewTP/index.php/Articles/index/articleId/11
INFO: [ app_init ] --START--
INFO: Run Behavior\BuildLiteBehavior [ RunTime:0.000000s ]
INFO: [ app_init ] --END-- [ RunTime:0.001000s ]
INFO: [ app_begin ] --START--
INFO: Run Behavior\ReadHtmlCacheBehavior [ RunTime:0.001000s ]
INFO: [ app_begin ] --END-- [ RunTime:0.001000s ]
NOTIC: [8] A session had already been started - ignoring session_start() D:\WWW\NewsViewTP\application\Home\Controller\ArticlesController.class.php 第 4 行.
NOTIC: [8] Trying to get property of non-object D:\WWW\NewsViewTP\library\ThinkPHP\Library\Think\Db\Driver\Mysqli.class.php 第 100 行.
NOTIC: [8] Trying to get property of non-object D:\WWW\NewsViewTP\library\ThinkPHP\Library\Think\Db\Driver\Mysqli.class.php 第 101 行.
NOTIC: [8] Undefined offset: 2 D:\WWW\NewsViewTP\application\Home\Controller\ArticlesController.class.php 第 26 行.
NOTIC: [8] Undefined offset: 2 D:\WWW\NewsViewTP\application\Home\Controller\ArticlesController.class.php 第 26 行.
NOTIC: [8] Undefined offset: 3 D:\WWW\NewsViewTP\application\Home\Controller\ArticlesController.class.php 第 26 行.
NOTIC: [8] Undefined index: userName D:\WWW\NewsViewTP\application\Home\Controller\ArticlesController.class.php 第 33 行.
INFO: [ view_parse ] --START--
INFO: [ template_filter ] --START--
INFO: Run Behavior\ContentReplaceBehavior [ RunTime:0.000000s ]
INFO: [ template_filter ] --END-- [ RunTime:0.000000s ]
INFO: Run Behavior\ParseTemplateBehavior [ RunTime:0.013000s ]
INFO: [ view_parse ] --END-- [ RunTime:0.013000s ]
INFO: [ view_filter ] --START--
INFO: Run Behavior\WriteHtmlCacheBehavior [ RunTime:0.000000s ]
INFO: [ view_filter ] --END-- [ RunTime:0.000000s ]
INFO: [ app_end ] --START--
INFO: Run Behavior\ShowPageTraceBehavior [ RunTime:0.001000s ]
INFO: [ app_end ] --END-- [ RunTime:0.001000s ]

[ 2017-08-29T15:41:38+08:00 ] ::1 /NewsViewTP/index.php/Articles/index/articleId/11
INFO: [ app_init ] --START--
INFO: Run Behavior\BuildLiteBehavior [ RunTime:0.000000s ]
INFO: [ app_init ] --END-- [ RunTime:0.001000s ]
INFO: [ app_begin ] --START--
INFO: Run Behavior\ReadHtmlCacheBehavior [ RunTime:0.001000s ]
INFO: [ app_begin ] --END-- [ RunTime:0.001000s ]
NOTIC: [8] A session had already been started - ignoring session_start() D:\WWW\NewsViewTP\application\Home\Controller\ArticlesController.class.php 第 4 行.
NOTIC: [8] Trying to get property of non-object D:\WWW\NewsViewTP\library\ThinkPHP\Library\Think\Db\Driver\Mysqli.class.php 第 100 行.
NOTIC: [8] Trying to get property of non-object D:\WWW\NewsViewTP\library\ThinkPHP\Library\Think\Db\Driver\Mysqli.class.php 第 101 行.
NOTIC: [8] Undefined offset: 2 D:\WWW\NewsViewTP\application\Home\Controller\ArticlesController.class.php 第 26 行.
NOTIC: [8] Undefined offset: 2 D:\WWW\NewsViewTP\application\Home\Controller\ArticlesController.class.php 第 26 行.
NOTIC: [8] Undefined offset: 3 D:\WWW\NewsViewTP\application\Home\Controller\ArticlesController.class.php 第 26 行.
NOTIC: [8] Undefined index: userName D:\WWW\NewsViewTP\application\Home\Controller\ArticlesController.class.php 第 33 行.
INFO: [ view_parse ] --START--
INFO: [ template_filter ] --START--
INFO: Run Behavior\ContentReplaceBehavior [ RunTime:0.000000s ]
INFO: [ template_filter ] --END-- [ RunTime:0.000000s ]
INFO: Run Behavior\ParseTemplateBehavior [ RunTime:0.011000s ]
INFO: [ view_parse ] --END-- [ RunTime:0.011000s ]
INFO: [ view_filter ] --START--
INFO: Run Behavior\WriteHtmlCacheBehavior [ RunTime:0.000000s ]
INFO: [ view_filter ] --END-- [ RunTime:0.000000s ]
INFO: [ app_end ] --START--
INFO: Run Behavior\ShowPageTraceBehavior [ RunTime:0.001000s ]
INFO: [ app_end ] --END-- [ RunTime:0.001000s ]

